  NetworkingUtils.cpp
  OscOutboundPacketStream.cpp
  OscPrintReceivedElements.cpp
  OscReceivedElements.cpp
  OscTypes.cpp
  UdpSocket.cpp
  FlashSender.cpp
  OneEuroFilter.cpp
  OscReceiver.cpp
  TcpReceiver.cpp
  TcpSender.cpp
  TuioBlob.cpp
  TuioClient.cpp
  TuioContainer.cpp
  TuioCursor.cpp
  TuioDispatcher.cpp
  TuioManager.cpp
  TuioObject.cpp
  TuioPoint.cpp
  TuioServer.cpp
  TuioTime.cpp
  UdpReceiver.cpp
  UdpSender.cpp
  WebSockSender.cpp
    正在创建库 Release\Win32\libTUIO.lib 和对象 Release\Win32\libTUIO.exp
  正在生成代码
  已完成代码的生成
  libTUIO.vcxproj -> F:\Github\TUIO11_CPP\windows\Release\Win32\libTUIO.dll
